2019-05-23T11:50:33.318+0800	debug	utils/flags.go:790	Maximum peer count	{"PTN": 25, "LES": 0, "total": 25}
2019-05-23T11:50:33.361+0800	debug	keystore/file_cache.go:87	FS scan times	{"list": 0, "set": 0, "diff": 0}
2019-05-23T11:50:33.362+0800	debug	keystore/account_cache.go:296	Handled keystore changes	{"time": 0.0009976}
2019-05-23T11:50:33.378+0800	info	node/node.go:199	Starting peer-to-peer node	{"instance": "Gptn/v0.6.3-beta/windows-amd64/go1.10.2"}
2019-05-23T11:50:33.405+0800	debug	ptn/backend.go:196	Open leveldb path:	{"path": "E:\\codes\\go\\src\\github.com\\palletone\\go-palletone\\palletone\\leveldb"}
2019-05-23T11:50:33.418+0800	info	ptndb/database.go:75	Allocated cache and file handles	{"cache": 768, "handles": 1024}
2019-05-23T11:50:33.685+0800	error	storage/global_property.go:123	Retrieve global properties error: leveldb: not found
github.com/palletone/go-palletone/common/log.Errorf
	E:/codes/go/src/github.com/palletone/go-palletone/common/log/logger.go:258
github.com/palletone/go-palletone/dag/storage.RetrieveGlobalProp
	E:/codes/go/src/github.com/palletone/go-palletone/dag/storage/global_property.go:123
github.com/palletone/go-palletone/dag/storage.(*PropertyDb).RetrieveGlobalProp
	E:/codes/go/src/github.com/palletone/go-palletone/dag/storage/propertydb.go:103
github.com/palletone/go-palletone/dag/common.(*PropRepository).RetrieveGlobalProp
	E:/codes/go/src/github.com/palletone/go-palletone/dag/common/prop_repository.go:76
github.com/palletone/go-palletone/dag/common.(*PropRepository).GetChainThreshold
	E:/codes/go/src/github.com/palletone/go-palletone/dag/common/prop_repository.go:79
github.com/palletone/go-palletone/dag.NewDag
	E:/codes/go/src/github.com/palletone/go-palletone/dag/dag.go:483
github.com/palletone/go-palletone/ptn.New
	E:/codes/go/src/github.com/palletone/go-palletone/ptn/backend.go:125
github.com/palletone/go-palletone/cmd/utils.RegisterPtnService.func2
	E:/codes/go/src/github.com/palletone/go-palletone/cmd/utils/flags.go:1189
github.com/palletone/go-palletone/core/node.(*Node).Start
	E:/codes/go/src/github.com/palletone/go-palletone/core/node/node.go:217
github.com/palletone/go-palletone/cmd/utils.StartNode
	E:/codes/go/src/github.com/palletone/go-palletone/cmd/utils/cmd.go:66
main.startNode
	E:/codes/go/src/github.com/palletone/go-palletone/cmd/gptn/main.go:252
main.gptn
	E:/codes/go/src/github.com/palletone/go-palletone/cmd/gptn/main.go:239
github.com/palletone/go-palletone/vendor/gopkg.in/urfave/cli%2ev1.HandleAction
	E:/codes/go/src/github.com/palletone/go-palletone/vendor/gopkg.in/urfave/cli.v1/app.go:490
github.com/palletone/go-palletone/vendor/gopkg.in/urfave/cli%2ev1.(*App).Run
	E:/codes/go/src/github.com/palletone/go-palletone/vendor/gopkg.in/urfave/cli.v1/app.go:264
main.main
	E:/codes/go/src/github.com/palletone/go-palletone/cmd/gptn/main.go:228
runtime.main
	F:/Program Files/Go/src/runtime/proc.go:198
2019-05-23 11:50:33.6859005 +0800 CST m=+0.539771601  error  github.com/palletone/go-palletone/common/log.Errorf
	E:/codes/go/src/github.com/palletone/go-palletone/common/log/logger.go:258
github.com/palletone/go-palletone/dag/storage.RetrieveGlobalProp
	E:/codes/go/src/github.com/palletone/go-palletone/dag/storage/global_property.go:123
github.com/palletone/go-palletone/dag/storage.(*PropertyDb).RetrieveGlobalProp
	E:/codes/go/src/github.com/palletone/go-palletone/dag/storage/propertydb.go:103
github.com/palletone/go-palletone/dag/common.(*PropRepository).RetrieveGlobalProp
	E:/codes/go/src/github.com/palletone/go-palletone/dag/common/prop_repository.go:76
github.com/palletone/go-palletone/dag/common.(*PropRepository).GetChainThreshold
	E:/codes/go/src/github.com/palletone/go-palletone/dag/common/prop_repository.go:79
github.com/palletone/go-palletone/dag.NewDag
	E:/codes/go/src/github.com/palletone/go-palletone/dag/dag.go:483
github.com/palletone/go-palletone/ptn.New
	E:/codes/go/src/github.com/palletone/go-palletone/ptn/backend.go:125
github.com/palletone/go-palletone/cmd/utils.RegisterPtnService.func2
	E:/codes/go/src/github.com/palletone/go-palletone/cmd/utils/flags.go:1189
github.com/palletone/go-palletone/core/node.(*Node).Start
	E:/codes/go/src/github.com/palletone/go-palletone/core/node/node.go:217
github.com/palletone/go-palletone/cmd/utils.StartNode
	E:/codes/go/src/github.com/palletone/go-palletone/cmd/utils/cmd.go:66
main.startNode
	E:/codes/go/src/github.com/palletone/go-palletone/cmd/gptn/main.go:252
main.gptn
	E:/codes/go/src/github.com/palletone/go-palletone/cmd/gptn/main.go:239
github.com/palletone/go-palletone/vendor/gopkg.in/urfave/cli%2ev1.HandleAction
	E:/codes/go/src/github.com/palletone/go-palletone/vendor/gopkg.in/urfave/cli.v1/app.go:490
github.com/palletone/go-palletone/vendor/gopkg.in/urfave/cli%2ev1.(*App).Run
	E:/codes/go/src/github.com/palletone/go-palletone/vendor/gopkg.in/urfave/cli.v1/app.go:264
main.main
	E:/codes/go/src/github.com/palletone/go-palletone/cmd/gptn/main.go:228
runtime.main
	F:/Program Files/Go/src/runtime/proc.go:198  Retrieve global properties error: leveldb: not found  null
 
2019-05-23T11:50:33.755+0800	error	memunit/memdag.go:72	Cannot retrieve last stable unit from db for token:PTN, you forget 'gptn init'??
github.com/palletone/go-palletone/common/log.Errorf
	E:/codes/go/src/github.com/palletone/go-palletone/common/log/logger.go:258
github.com/palletone/go-palletone/dag/memunit.NewMemDag
	E:/codes/go/src/github.com/palletone/go-palletone/dag/memunit/memdag.go:72
github.com/palletone/go-palletone/dag.NewDag
	E:/codes/go/src/github.com/palletone/go-palletone/dag/dag.go:484
github.com/palletone/go-palletone/ptn.New
	E:/codes/go/src/github.com/palletone/go-palletone/ptn/backend.go:125
github.com/palletone/go-palletone/cmd/utils.RegisterPtnService.func2
	E:/codes/go/src/github.com/palletone/go-palletone/cmd/utils/flags.go:1189
github.com/palletone/go-palletone/core/node.(*Node).Start
	E:/codes/go/src/github.com/palletone/go-palletone/core/node/node.go:217
github.com/palletone/go-palletone/cmd/utils.StartNode
	E:/codes/go/src/github.com/palletone/go-palletone/cmd/utils/cmd.go:66
main.startNode
	E:/codes/go/src/github.com/palletone/go-palletone/cmd/gptn/main.go:252
main.gptn
	E:/codes/go/src/github.com/palletone/go-palletone/cmd/gptn/main.go:239
github.com/palletone/go-palletone/vendor/gopkg.in/urfave/cli%2ev1.HandleAction
	E:/codes/go/src/github.com/palletone/go-palletone/vendor/gopkg.in/urfave/cli.v1/app.go:490
github.com/palletone/go-palletone/vendor/gopkg.in/urfave/cli%2ev1.(*App).Run
	E:/codes/go/src/github.com/palletone/go-palletone/vendor/gopkg.in/urfave/cli.v1/app.go:264
main.main
	E:/codes/go/src/github.com/palletone/go-palletone/cmd/gptn/main.go:228
runtime.main
	F:/Program Files/Go/src/runtime/proc.go:198
2019-05-23 11:50:33.7550323 +0800 CST m=+0.608903401  error  github.com/palletone/go-palletone/common/log.Errorf
	E:/codes/go/src/github.com/palletone/go-palletone/common/log/logger.go:258
github.com/palletone/go-palletone/dag/memunit.NewMemDag
	E:/codes/go/src/github.com/palletone/go-palletone/dag/memunit/memdag.go:72
github.com/palletone/go-palletone/dag.NewDag
	E:/codes/go/src/github.com/palletone/go-palletone/dag/dag.go:484
github.com/palletone/go-palletone/ptn.New
	E:/codes/go/src/github.com/palletone/go-palletone/ptn/backend.go:125
github.com/palletone/go-palletone/cmd/utils.RegisterPtnService.func2
	E:/codes/go/src/github.com/palletone/go-palletone/cmd/utils/flags.go:1189
github.com/palletone/go-palletone/core/node.(*Node).Start
	E:/codes/go/src/github.com/palletone/go-palletone/core/node/node.go:217
github.com/palletone/go-palletone/cmd/utils.StartNode
	E:/codes/go/src/github.com/palletone/go-palletone/cmd/utils/cmd.go:66
main.startNode
	E:/codes/go/src/github.com/palletone/go-palletone/cmd/gptn/main.go:252
main.gptn
	E:/codes/go/src/github.com/palletone/go-palletone/cmd/gptn/main.go:239
github.com/palletone/go-palletone/vendor/gopkg.in/urfave/cli%2ev1.HandleAction
	E:/codes/go/src/github.com/palletone/go-palletone/vendor/gopkg.in/urfave/cli.v1/app.go:490
github.com/palletone/go-palletone/vendor/gopkg.in/urfave/cli%2ev1.(*App).Run
	E:/codes/go/src/github.com/palletone/go-palletone/vendor/gopkg.in/urfave/cli.v1/app.go:264
main.main
	E:/codes/go/src/github.com/palletone/go-palletone/cmd/gptn/main.go:228
runtime.main
	F:/Program Files/Go/src/runtime/proc.go:198  Cannot retrieve last stable unit from db for token:PTN, you forget 'gptn init'??  null
 
panic: runtime error: invalid memory address or nil pointer dereference
[signal 0xc0000005 code=0x0 addr=0x80 pc=0xad9f23]

goroutine 1 [running]:
github.com/palletone/go-palletone/dag/memunit.(*MemDag).GetUnstableRepositories(...)
	E:/codes/go/src/github.com/palletone/go-palletone/dag/memunit/memdag.go:102
github.com/palletone/go-palletone/dag.NewDag(0x1777760, 0xc04207abe0, 0x1777760, 0xc04207abe0, 0x0)
	E:/codes/go/src/github.com/palletone/go-palletone/dag/dag.go:485 +0x5a3
github.com/palletone/go-palletone/ptn.New(0xc0423d3200, 0xc0423ac000, 0x412a1f, 0x30, 0x1424260)
	E:/codes/go/src/github.com/palletone/go-palletone/ptn/backend.go:125 +0x17b
github.com/palletone/go-palletone/cmd/utils.RegisterPtnService.func2(0xc0423d3200, 0xc0423b9ce0, 0xc0427f7870, 0x2, 0x2)
	E:/codes/go/src/github.com/palletone/go-palletone/cmd/utils/flags.go:1189 +0x44
github.com/palletone/go-palletone/core/node.(*Node).Start(0xc042878240, 0x0, 0x0)
	E:/codes/go/src/github.com/palletone/go-palletone/core/node/node.go:217 +0x5d3
github.com/palletone/go-palletone/cmd/utils.StartNode(0xc042878240)
	E:/codes/go/src/github.com/palletone/go-palletone/cmd/utils/cmd.go:66 +0x36
main.startNode(0xc04209ef20, 0xc042878240)
	E:/codes/go/src/github.com/palletone/go-palletone/cmd/gptn/main.go:252 +0x85
main.gptn(0xc04209ef20, 0x1652cd0, 0xb2d05e00)
	E:/codes/go/src/github.com/palletone/go-palletone/cmd/gptn/main.go:239 +0x54
github.com/palletone/go-palletone/vendor/gopkg.in/urfave/cli%2ev1.HandleAction(0x12459c0, 0x1655278, 0xc04209ef20, 0xc04209ef20, 0xc0427f7f48)
	E:/codes/go/src/github.com/palletone/go-palletone/vendor/gopkg.in/urfave/cli.v1/app.go:490 +0xcf
github.com/palletone/go-palletone/vendor/gopkg.in/urfave/cli%2ev1.(*App).Run(0xc04209b040, 0xc0420581d0, 0x1, 0x1, 0x0, 0x0)
	E:/codes/go/src/github.com/palletone/go-palletone/vendor/gopkg.in/urfave/cli.v1/app.go:264 +0x5f5
main.main()
	E:/codes/go/src/github.com/palletone/go-palletone/cmd/gptn/main.go:228 +0x5c
